<?xml version="1.0" encoding="UTF-8"?>
<robot generator="Robot 4.1 (Python 3.9.6 on win32)" generated="20210818 17:14:24.759" rpa="false" schemaversion="2">
<suite id="s1" name="Drag-And-Drop" source="C:\qaninja\twp\tests\drag-and-drop.robot">
<test id="s1-t1" name="Deve mover o hulk para o topo da lista">
<kw name="Open Session" library="base" type="SETUP">
<kw name="Set Appium Timeout" library="AppiumLibrary">
<arg>5</arg>
<doc>Sets the timeout in seconds used by various keywords.</doc>
<status status="PASS" starttime="20210818 17:14:25.062" endtime="20210818 17:14:25.063"/>
</kw>
<kw name="Open Application" library="AppiumLibrary">
<arg>http://localhost:4723/wd/hub</arg>
<arg>automationName=UiAutomator2</arg>
<arg>platformName=Android</arg>
<arg>deviceName=Emulator</arg>
<arg>udid=emulator-5554</arg>
<arg>app=${EXECDIR}/app/twp.apk</arg>
<doc>Opens a new application to given Appium server.
Capabilities of appium server, Android and iOS,
Please check https://github.com/appium/appium/blob/master/docs/en/writing-running-appium/server-args.md
| *Option*            | *Man.* | *Description*     |
| remote_url          | Yes    | Appium server url |
| alias               | no     | alias             |</doc>
<status status="PASS" starttime="20210818 17:14:25.063" endtime="20210818 17:14:39.648"/>
</kw>
<kw name="Get Started" library="helpers">
<kw name="Wait Until Page Contains" library="AppiumLibrary">
<arg>${START}</arg>
<doc>Waits until `text` appears on current page.</doc>
<status status="PASS" starttime="20210818 17:14:39.648" endtime="20210818 17:14:43.909"/>
</kw>
<kw name="Click Text" library="AppiumLibrary">
<arg>${START}</arg>
<doc>Click text identified by ``text``.</doc>
<status status="PASS" starttime="20210818 17:14:43.909" endtime="20210818 17:14:44.105"/>
</kw>
<status status="PASS" starttime="20210818 17:14:39.648" endtime="20210818 17:14:44.105"/>
</kw>
<status status="PASS" starttime="20210818 17:14:25.061" endtime="20210818 17:14:44.106"/>
</kw>
<kw name="Go To Avenger List" library="helpers">
<kw name="Open Nav" library="helpers">
<kw name="Wait Until Element Is Visible" library="AppiumLibrary">
<arg>${HAMBURGUER}</arg>
<doc>Waits until element specified with `locator` is visible.</doc>
<status status="PASS" starttime="20210818 17:14:44.109" endtime="20210818 17:14:45.337"/>
</kw>
<kw name="Click Element" library="AppiumLibrary">
<arg>${HAMBURGUER}</arg>
<doc>Click element identified by `locator`.</doc>
<msg timestamp="20210818 17:14:45.341" level="INFO">Clicking element 'xpath=//android.widget.ImageButton[@content-desc="Open navigation drawer"]'.</msg>
<status status="PASS" starttime="20210818 17:14:45.337" endtime="20210818 17:14:45.471"/>
</kw>
<kw name="Wait Until Element Is Visible" library="AppiumLibrary">
<arg>${NAV_VIEW}</arg>
<doc>Waits until element specified with `locator` is visible.</doc>
<status status="PASS" starttime="20210818 17:14:45.471" endtime="20210818 17:14:46.545"/>
</kw>
<status status="PASS" starttime="20210818 17:14:44.108" endtime="20210818 17:14:46.546"/>
</kw>
<kw name="Click Text" library="AppiumLibrary">
<arg>AVENGERS</arg>
<doc>Click text identified by ``text``.</doc>
<status status="PASS" starttime="20210818 17:14:46.546" endtime="20210818 17:14:46.661"/>
</kw>
<kw name="Wait Until Page Contains" library="AppiumLibrary">
<arg>AVENGERS</arg>
<doc>Waits until `text` appears on current page.</doc>
<status status="PASS" starttime="20210818 17:14:46.662" endtime="20210818 17:14:47.373"/>
</kw>
<kw name="Click Text" library="AppiumLibrary">
<arg>LISTA</arg>
<doc>Click text identified by ``text``.</doc>
<status status="PASS" starttime="20210818 17:14:47.374" endtime="20210818 17:14:47.775"/>
</kw>
<kw name="Wait Until Page Contains" library="AppiumLibrary">
<arg>LISTA</arg>
<doc>Waits until `text` appears on current page.</doc>
<status status="PASS" starttime="20210818 17:14:47.776" endtime="20210818 17:14:48.113"/>
</kw>
<status status="PASS" starttime="20210818 17:14:44.108" endtime="20210818 17:14:48.113"/>
</kw>
<kw name="Drag And Drop" library="extend">
<arg>io.qaninja.android.twp:id/drag_handle</arg>
<arg>3</arg>
<arg>0</arg>
<status status="PASS" starttime="20210818 17:14:48.114" endtime="20210818 17:14:59.982"/>
</kw>
<kw name="Close Session" library="base" type="TEARDOWN">
<kw name="Close Application" library="AppiumLibrary">
<doc>Closes the current application and also close webdriver session.</doc>
<status status="PASS" starttime="20210818 17:14:59.985" endtime="20210818 17:15:00.645"/>
</kw>
<status status="PASS" starttime="20210818 17:14:59.984" endtime="20210818 17:15:00.646"/>
</kw>
<status status="PASS" starttime="20210818 17:14:25.061" endtime="20210818 17:15:00.646"/>
</test>
<status status="PASS" starttime="20210818 17:14:24.760" endtime="20210818 17:15:00.648"/>
</suite>
<statistics>
<total>
<stat pass="1" fail="0" skip="0">All Tests</stat>
</total>
<tag>
</tag>
<suite>
<stat pass="1" fail="0" skip="0" id="s1" name="Drag-And-Drop">Drag-And-Drop</stat>
</suite>
</statistics>
<errors>
</errors>
</robot>
